info: opening https://www.epam.com/careers
info: opening https://www.epam.com/our-work
info: opening https://www.epam.com/careers
info: click accept cookie button
info: selecting location Minsk
info: opening https://www.epam.com/our-work
info: Opening https://www.epam.com/careers
info: Click [accept cookie] button
info: Entering text in "Job ID" field
info: selecting location Minsk
info: Opening https://www.epam.com/our-work
info: Opening https://www.epam.com/careers
info: Click [accept cookie] button
info: Entering text in "Job ID" field
info: Identifying drop-down arrow in "Location" field
info: selecting location Minsk
info: Opening https://www.epam.com/our-work
info: Opening https://www.epam.com/careers
info: Clicking [accept cookie] button
info: Entering text in "Job ID" field
info: Clicking drop-down arrow in "Location" field
info: selecting location Minsk
info: Clicking drop-down arrow in "Skills" field
info: Ticking "Young Specialists" checkbox
info: Clicking drop-down arrow in "Skills" field
info: Opening https://www.epam.com/our-work
info: Opening https://www.epam.com/careers
info: Clicking [accept cookie] button
info: Entering text in "Job ID" field
info: Clicking drop-down arrow in "Location" field
info: selecting location Minsk
info: Clicking drop-down arrow in "Skills" field
info: Ticking "Young Specialists" checkbox
info: Clicking drop-down arrow in "Skills" field
info: Identifying selected "Young Specialists" element
info: Opening https://www.epam.com/our-work
info: Opening https://www.epam.com/careers
info: Clicking [accept cookie] button
info: Entering text in "Job ID" field
info: Clicking drop-down arrow in "Location" field
info: selecting location Minsk
info: Clicking drop-down arrow in "Skills" field
info: Ticking "Young Specialists" checkbox
info: Clicking drop-down arrow in "Skills" field
info: Identifying selected "Young Specialists" element
info: Opening https://www.epam.com/our-work
info: Opening https://www.epam.com/careers
info: Clicking [accept cookie] button
info: Entering text in "Job ID" field
info: Clicking drop-down arrow in "Location" field
info: selecting location Minsk
info: Clicking drop-down arrow in "Skills" field
info: Ticking "Young Specialists" checkbox
info: Clicking drop-down arrow in "Skills" field
info: Identifying selected "Young Specialists" element
info: Opening https://www.epam.com/our-work
info: Scrolling to [object Object]
info: Clicking [object Object]
info: Opening https://www.epam.com/careers
info: Clicking [accept cookie] button
info: Entering text in "Job ID" field
info: Clicking drop-down arrow in "Location" field
info: selecting location Minsk
info: Clicking drop-down arrow in "Skills" field
info: Ticking "Young Specialists" checkbox
info: Clicking drop-down arrow in "Skills" field
info: Identifying selected "Young Specialists" element
info: Opening https://www.epam.com/our-work
info: Scrolling to appropriate element
info: Opening https://www.epam.com/careers
info: Clicking [accept cookie] button
info: Entering text in "Job ID" field
info: Clicking drop-down arrow in "Location" field
info: selecting location Minsk
info: Clicking drop-down arrow in "Skills" field
info: Ticking "Young Specialists" checkbox
info: Clicking drop-down arrow in "Skills" field
info: Identifying selected "Young Specialists" element
info: Opening https://www.epam.com/our-work
info: Scrolling to appropriate element
info: Clicking appropriate element
